Last updated: Mon Oct 27 08:59:43 UTC 2025
Last updated: Mon Oct 27 12:35:17 UTC 2025
Last updated: Tue Oct 28 12:33:45 UTC 2025
Last updated: Wed Oct 29 12:35:31 UTC 2025
Last updated: Thu Oct 30 12:33:54 UTC 2025
Last updated: Fri Oct 31 12:33:44 UTC 2025
Last updated: Sat Nov  1 12:29:15 UTC 2025
Last updated: Sun Nov  2 12:28:42 UTC 2025
Last updated: Mon Nov  3 12:35:12 UTC 2025
Last updated: Tue Nov  4 12:36:30 UTC 2025
Last updated: Wed Nov  5 12:34:43 UTC 2025
Last updated: Thu Nov  6 12:34:22 UTC 2025
Last updated: Fri Nov  7 12:33:16 UTC 2025
Last updated: Sat Nov  8 12:29:18 UTC 2025
Last updated: Sun Nov  9 12:29:33 UTC 2025
Last updated: Mon Nov 10 12:34:40 UTC 2025
Last updated: Tue Nov 11 12:34:19 UTC 2025
Last updated: Wed Nov 12 12:35:00 UTC 2025
Last updated: Thu Nov 13 12:35:56 UTC 2025
Last updated: Fri Nov 14 12:34:17 UTC 2025
Last updated: Sat Nov 15 12:30:00 UTC 2025
Last updated: Sun Nov 16 12:29:41 UTC 2025
Last updated: Mon Nov 17 12:35:11 UTC 2025
Last updated: Tue Nov 18 12:35:23 UTC 2025
Last updated: Wed Nov 19 12:35:20 UTC 2025
Last updated: Thu Nov 20 12:34:00 UTC 2025
Last updated: Fri Nov 21 12:33:01 UTC 2025
Last updated: Sat Nov 22 12:29:34 UTC 2025
Last updated: Sun Nov 23 12:29:06 UTC 2025
Last updated: Mon Nov 24 12:35:33 UTC 2025
Last updated: Tue Nov 25 12:35:47 UTC 2025
Last updated: Wed Nov 26 12:36:17 UTC 2025
Last updated: Thu Nov 27 12:35:40 UTC 2025
Last updated: Fri Nov 28 12:34:31 UTC 2025
Last updated: Sat Nov 29 12:31:23 UTC 2025
Last updated: Sun Nov 30 12:31:20 UTC 2025
Last updated: Mon Dec  1 12:36:26 UTC 2025
